<?xml version="1.0" encoding="UTF-8"?>
<!-- Generated by org.testng.reporters.JUnitXMLReporter -->
<testsuite hostname="Dany-PC" ignored="1" name="WolfAssesment" tests="1" failures="0" timestamp="2020-01-04T12:40:53 CAT" time="50.353" errors="0">
  <testcase name="CreateWolfID" time="13.946" classname="com.qa.testcases.CreateIDPageTest"/>
  <testcase name="createIDPageTitleTest" time="0.0" classname="com.qa.testcases.CreateIDPageTest">
    <ignored/>
  </testcase> <!-- createIDPageTitleTest -->
</testsuite> <!-- WolfAssesment -->
