<?xml version="1.0" encoding="UTF-8"?>
<!-- Generated by org.testng.reporters.JUnitXMLReporter -->
<testsuite hostname="Dany-PC" ignored="3" name="WolfAssesment" tests="1" failures="0" timestamp="2020-01-04T00:56:00 CAT" time="49.056" errors="0">
  <testcase name="MobileAppNavTest" time="26.519" classname="com.qa.testcases.AppsPageTest"/>
  <testcase name="WebAppTestLogo" time="0.0" classname="com.qa.testcases.AppsPageTest">
    <ignored/>
  </testcase> <!-- WebAppTestLogo -->
  <testcase name="WebAppsPageTitleTest" time="0.0" classname="com.qa.testcases.AppsPageTest">
    <ignored/>
  </testcase> <!-- WebAppsPageTitleTest -->
  <testcase name="MobileAppsTitleTest" time="0.0" classname="com.qa.testcases.AppsPageTest">
    <ignored/>
  </testcase> <!-- MobileAppsTitleTest -->
</testsuite> <!-- WolfAssesment -->
