<?xml version="1.0" encoding="UTF-8"?>
<testng-results skipped="0" failed="0" ignored="1" total="2" passed="1">
  <reporter-output>
  </reporter-output>
  <suite name="Default Suite" duration-ms="50353" started-at="2020-01-04T12:39:57 CAT" finished-at="2020-01-04T12:40:48 CAT">
    <groups>
    </groups>
    <test name="WolfAssesment" duration-ms="50353" started-at="2020-01-04T12:39:57 CAT" finished-at="2020-01-04T12:40:48 CAT">
      <class name="com.qa.testcases.CreateIDPageTest">
        <test-method status="PASS" signature="setUp()[pri:0, instance:com.qa.testcases.CreateIDPageTest@4de8b406]" name="setUp" is-config="true" duration-ms="35308" started-at="2020-01-04T12:39:57 CAT" finished-at="2020-01-04T12:40:33 CAT">
          <reporter-output>
          </reporter-output>
        </test-method> <!-- setUp -->
        <test-method status="PASS" signature="CreateWolfID()[pri:0, instance:com.qa.testcases.CreateIDPageTest@4de8b406]" name="CreateWolfID" duration-ms="13946" started-at="2020-01-04T12:40:33 CAT" finished-at="2020-01-04T12:40:47 CAT">
          <reporter-output>
          </reporter-output>
        </test-method> <!-- CreateWolfID -->
        <test-method status="PASS" signature="tearDown()[pri:0, instance:com.qa.testcases.CreateIDPageTest@4de8b406]" name="tearDown" is-config="true" duration-ms="990" started-at="2020-01-04T12:40:47 CAT" finished-at="2020-01-04T12:40:48 CAT">
          <reporter-output>
          </reporter-output>
        </test-method> <!-- tearDown -->
      </class> <!-- com.qa.testcases.CreateIDPageTest -->
    </test> <!-- WolfAssesment -->
  </suite> <!-- Default Suite -->
</testng-results>
