<?xml version="1.0" encoding="UTF-8"?>
<testng-results skipped="0" failed="0" ignored="3" total="4" passed="1">
  <reporter-output>
  </reporter-output>
  <suite name="Default Suite" duration-ms="49056" started-at="2020-01-04T00:55:05 CAT" finished-at="2020-01-04T00:55:54 CAT">
    <groups>
    </groups>
    <test name="WolfAssesment" duration-ms="49056" started-at="2020-01-04T00:55:05 CAT" finished-at="2020-01-04T00:55:54 CAT">
      <class name="com.qa.testcases.AppsPageTest">
        <test-method status="PASS" signature="setUp()[pri:0, instance:com.qa.testcases.AppsPageTest@6a2bcfcb]" name="setUp" is-config="true" duration-ms="22453" started-at="2020-01-04T00:55:05 CAT" finished-at="2020-01-04T00:55:27 CAT">
          <reporter-output>
          </reporter-output>
        </test-method> <!-- setUp -->
        <test-method status="PASS" signature="MobileAppNavTest()[pri:0, instance:com.qa.testcases.AppsPageTest@6a2bcfcb]" name="MobileAppNavTest" duration-ms="26519" started-at="2020-01-04T00:55:27 CAT" finished-at="2020-01-04T00:55:54 CAT">
          <reporter-output>
          </reporter-output>
        </test-method> <!-- MobileAppNavTest -->
      </class> <!-- com.qa.testcases.AppsPageTest -->
    </test> <!-- WolfAssesment -->
  </suite> <!-- Default Suite -->
</testng-results>
